MIME-Version: 1.0
Content-Type: multipart/alternative;
 boundary="===============8646909454273733084=="
Subject: You are invited to join Unite
From: noreply@unite.local
To: est@test.com
Date: Thu, 30 Apr 2026 18:48:19 +0000
Message-ID: <177757489992.27548.294425661960890366@DevComputer>

--===============8646909454273733084==
Content-Type: text/plain; charset="utf-8"
Content-Transfer-Encoding: quoted-printable



 =20
   =20
   =20
    Unite
 =20
 =20
   =20
     =20
       =20
         =20
           =20
             =20
                Unite
             =20
           =20
           =20
             =20
               =20
You are invited to join Unite

  Your email has been invited to register. This invite link can be used once =
and expires in 7 days.


 =20
    Complete registration
 =20

If the button does not work, use this link:

  http://localhost:5173/signup?invite=3Df-YKOD53EjDWHK_RC0WOOnAICET0Yut_gy9w2=
-NmfhA

If you were not expecting this invite, you can ignore this email.

             =20
           =20
           =20
             =20
                Need help? Contact support@unite.local
             =20
           =20
         =20
       =20
     =20
   =20
 =20


--===============8646909454273733084==
Content-Type: text/html; charset="utf-8"
Content-Transfer-Encoding: quoted-printable
MIME-Version: 1.0

<!doctype html>
<html lang=3D"en">
  <head>
    <meta charset=3D"utf-8" />
    <meta name=3D"viewport" content=3D"width=3Ddevice-width, initial-scale=3D=
1" />
    <title>Unite</title>
  </head>
  <body style=3D"margin:0;padding:0;background:#0f1220;color:#e8ebf9;font-fam=
ily:Arial,sans-serif;">
    <table role=3D"presentation" width=3D"100%" cellspacing=3D"0" cellpadding=
=3D"0" style=3D"padding:24px 12px;">
      <tr>
        <td align=3D"center">
          <table
            role=3D"presentation"
            width=3D"100%"
            cellspacing=3D"0"
            cellpadding=3D"0"
            style=3D"max-width:560px;background:#161b2f;border:1px solid #283=
04d;border-radius:12px;overflow:hidden;"
          >
            <tr>
              <td style=3D"padding:20px 24px;border-bottom:1px solid #28304d;=
">
                <div style=3D"font-size:20px;font-weight:700;letter-spacing:0=
.2px;">Unite</div>
              </td>
            </tr>
            <tr>
              <td style=3D"padding:24px;font-size:15px;line-height:1.6;">
               =20
<h1 style=3D"margin:0 0 12px;font-size:22px;line-height:1.3;">You are invited=
 to join Unite</h1>
<p style=3D"margin:0 0 18px;">
  Your email has been invited to register. This invite link can be used once =
and expires in 7 days.
</p>
<p style=3D"margin:0 0 20px;">
  <a
    href=3D"http://localhost:5173/signup?invite=3Df-YKOD53EjDWHK_RC0WOOnAICET=
0Yut_gy9w2-NmfhA"
    style=3D"display:inline-block;background:#4f7cff;color:#ffffff;text-decor=
ation:none;padding:10px 16px;border-radius:8px;font-weight:600;"
  >
    Complete registration
  </a>
</p>
<p style=3D"margin:0 0 8px;">If the button does not work, use this link:</p>
<p style=3D"margin:0 0 20px;word-break:break-all;">
  <a href=3D"http://localhost:5173/signup?invite=3Df-YKOD53EjDWHK_RC0WOOnAICE=
T0Yut_gy9w2-NmfhA" style=3D"color:#86a5ff;">http://localhost:5173/signup?invi=
te=3Df-YKOD53EjDWHK_RC0WOOnAICET0Yut_gy9w2-NmfhA</a>
</p>
<p style=3D"margin:0;color:#a5b0d6;">If you were not expecting this invite, y=
ou can ignore this email.</p>

              </td>
            </tr>
            <tr>
              <td style=3D"padding:16px 24px;border-top:1px solid #28304d;col=
or:#a5b0d6;font-size:12px;">
                Need help? Contact support@unite.local
              </td>
            </tr>
          </table>
        </td>
      </tr>
    </table>
  </body>
</html>

--===============8646909454273733084==--

-------------------------------------------------------------------------------
